<?xml version="1.0" encoding="UTF-8"?>
<!-- Generated by org.testng.reporters.JUnitReportReporter -->
<testsuite skipped="2" hostname="LAPTOP-T7RJ4J9F" name="Academy.HomePage" tests="3" failures="0" timestamp="03 Feb 2021 10:24:24 GMT" time="13.913" errors="1">
  <testcase name="setUp" time="13.913" classname="Academy.HomePage">
    <error type="org.openqa.selenium.WebDriverException" message="chrome not reachable
  (Session info: chrome=88.0.4324.104)
Build info: version: &#039;3.141.59&#039;, revision: &#039;e82be7d358&#039;, time: &#039;2018-11-14T08:17:03&#039;
System info: host: &#039;LAPTOP-T7RJ4J9F&#039;, ip: &#039;192.168.29.78&#039;, os.name: &#039;Windows 10&#039;, os.arch: &#039;amd64&#039;, os.version: &#039;10.0&#039;, java.version: &#039;1.8.0_251&#039;
Driver info: driver.version: ChromeDriver
remote stacktrace: Backtrace:
	GetHandleVerifier [0x0033B963+483]
	GetHandleVerifier [0x0033B941+449]
	GetHandleVerifier [0x006E31B0+3832368]
	GetHandleVerifier [0x006D99A4+3793444]
	GetHandleVerifier [0x006D01BA+3754554]
	GetHandleVerifier [0x0071E8B5+4075829]
	GetHandleVerifier [0x0071E56C+4074988]
	GetHandleVerifier [0x0071B2EB+4062059]
	GetHandleVerifier [0x006FED14+3945876]
	GetHandleVerifier [0x006FFBCE+3949646]
	GetHandleVerifier [0x006FFB59+3949529]
	Ordinal0 [0x002FB5CC+46540]
	Ordinal0 [0x002F9F53+40787]
	Ordinal0 [0x002F9B12+39698]
	GetHandleVerifier [0x00601468+2907368]
	GetHandleVerifier [0x004471EE+1096302]
	GetHandleVerifier [0x00403E8D+821005]
	GetHandleVerifier [0x0040396B+819691]
	GetHandleVerifier [0x00403881+819457]
	GetHandleVerifier [0x0042F463+998627]
	BaseThreadInitThunk [0x75D96359+25]
	RtlGetAppContainerNamedObjectPath [0x76F18944+228]
	RtlGetAppContainerNamedObjectPath [0x76F18914+180]
">
      <![CDATA[org.openqa.selenium.WebDriverException: chrome not reachable
  (Session info: chrome=88.0.4324.104)
Build info: version: '3.141.59', revision: 'e82be7d358', time: '2018-11-14T08:17:03'
System info: host: 'LAPTOP-T7RJ4J9F', ip: '192.168.29.78', os.name: 'Windows 10', os.arch: 'amd64', os.version: '10.0', java.version: '1.8.0_251'
Driver info: driver.version: ChromeDriver
remote stacktrace: Backtrace:
GetHandleVerifier [0x0033B963+483]
GetHandleVerifier [0x0033B941+449]
GetHandleVerifier [0x006E31B0+3832368]
GetHandleVerifier [0x006D99A4+3793444]
GetHandleVerifier [0x006D01BA+3754554]
GetHandleVerifier [0x0071E8B5+4075829]
GetHandleVerifier [0x0071E56C+4074988]
GetHandleVerifier [0x0071B2EB+4062059]
GetHandleVerifier [0x006FED14+3945876]
GetHandleVerifier [0x006FFBCE+3949646]
GetHandleVerifier [0x006FFB59+3949529]
Ordinal0 [0x002FB5CC+46540]
Ordinal0 [0x002F9F53+40787]
Ordinal0 [0x002F9B12+39698]
GetHandleVerifier [0x00601468+2907368]
GetHandleVerifier [0x004471EE+1096302]
GetHandleVerifier [0x00403E8D+821005]
GetHandleVerifier [0x0040396B+819691]
GetHandleVerifier [0x00403881+819457]
GetHandleVerifier [0x0042F463+998627]
BaseThreadInitThunk [0x75D96359+25]
RtlGetAppContainerNamedObjectPath [0x76F18944+228]
RtlGetAppContainerNamedObjectPath [0x76F18914+180]

at sun.reflect.NativeConstructorAccessorImpl.newInstance0(Native Method)
at sun.reflect.NativeConstructorAccessorImpl.newInstance(NativeConstructorAccessorImpl.java:62)
at sun.reflect.DelegatingConstructorAccessorImpl.newInstance(DelegatingConstructorAccessorImpl.java:45)
at java.lang.reflect.Constructor.newInstance(Constructor.java:423)
at org.openqa.selenium.remote.W3CHandshakeResponse.lambda$errorHandler$0(W3CHandshakeResponse.java:62)
at org.openqa.selenium.remote.HandshakeResponse.lambda$getResponseFunction$0(HandshakeResponse.java:30)
at org.openqa.selenium.remote.ProtocolHandshake.lambda$createSession$0(ProtocolHandshake.java:126)
at java.util.stream.ReferencePipeline$3$1.accept(ReferencePipeline.java:193)
at java.util.Spliterators$ArraySpliterator.tryAdvance(Spliterators.java:958)
at java.util.stream.ReferencePipeline.forEachWithCancel(ReferencePipeline.java:126)
at java.util.stream.AbstractPipeline.copyIntoWithCancel(AbstractPipeline.java:499)
at java.util.stream.AbstractPipeline.copyInto(AbstractPipeline.java:486)
at java.util.stream.AbstractPipeline.wrapAndCopyInto(AbstractPipeline.java:472)
at java.util.stream.FindOps$FindOp.evaluateSequential(FindOps.java:152)
at java.util.stream.AbstractPipeline.evaluate(AbstractPipeline.java:234)
at java.util.stream.ReferencePipeline.findFirst(ReferencePipeline.java:464)
at org.openqa.selenium.remote.ProtocolHandshake.createSession(ProtocolHandshake.java:128)
at org.openqa.selenium.remote.ProtocolHandshake.createSession(ProtocolHandshake.java:74)
at org.openqa.selenium.remote.HttpCommandExecutor.execute(HttpCommandExecutor.java:136)
at org.openqa.selenium.remote.service.DriverCommandExecutor.execute(DriverCommandExecutor.java:83)
at org.openqa.selenium.remote.RemoteWebDriver.execute(RemoteWebDriver.java:552)
at org.openqa.selenium.remote.RemoteWebDriver.startSession(RemoteWebDriver.java:213)
at org.openqa.selenium.remote.RemoteWebDriver.<init>(RemoteWebDriver.java:131)
at org.openqa.selenium.chrome.ChromeDriver.<init>(ChromeDriver.java:181)
at org.openqa.selenium.chrome.ChromeDriver.<init>(ChromeDriver.java:168)
at org.openqa.selenium.chrome.ChromeDriver.<init>(ChromeDriver.java:123)
at resources.Base.initializeDriver(Base.java:44)
at Academy.HomePage.setUp(HomePage.java:24)
at sun.reflect.NativeMethodAccessorImpl.invoke0(Native Method)
at sun.reflect.NativeMethodAccessorImpl.invoke(NativeMethodAccessorImpl.java:62)
at sun.reflect.DelegatingMethodAccessorImpl.invoke(DelegatingMethodAccessorImpl.java:43)
at java.lang.reflect.Method.invoke(Method.java:498)
at org.testng.internal.MethodInvocationHelper.invokeMethod(MethodInvocationHelper.java:124)
at org.testng.internal.MethodInvocationHelper.invokeMethodConsideringTimeout(MethodInvocationHelper.java:59)
at org.testng.internal.Invoker.invokeConfigurationMethod(Invoker.java:458)
at org.testng.internal.Invoker.invokeConfigurations(Invoker.java:222)
at org.testng.internal.Invoker.invokeConfigurations(Invoker.java:142)
at org.testng.TestRunner.beforeRun(TestRunner.java:529)
at org.testng.TestRunner.run(TestRunner.java:497)
at org.testng.SuiteRunner.runTest(SuiteRunner.java:455)
at org.testng.SuiteRunner.access$000(SuiteRunner.java:40)
at org.testng.SuiteRunner$SuiteWorker.run(SuiteRunner.java:489)
at org.testng.internal.thread.ThreadUtil$1.call(ThreadUtil.java:52)
at java.util.concurrent.FutureTask.run(FutureTask.java:266)
at java.util.concurrent.ThreadPoolExecutor.runWorker(ThreadPoolExecutor.java:1149)
at java.util.concurrent.ThreadPoolExecutor$Worker.run(ThreadPoolExecutor.java:624)
at java.lang.Thread.run(Thread.java:748)
]]>
    </error>
  </testcase> <!-- setUp -->
  <testcase name="basePageNavigation" time="0.000" classname="Academy.HomePage">
    <skipped/>
  </testcase> <!-- basePageNavigation -->
  <testcase name="basePageNavigation" time="0.000" classname="Academy.HomePage">
    <skipped/>
  </testcase> <!-- basePageNavigation -->
</testsuite> <!-- Academy.HomePage -->
